d:\cocosproj\music-game\proj.win32\debug.win32\appdelegate.obj
d:\cocosproj\music-game\proj.win32\debug.win32\audio.obj
d:\cocosproj\music-game\proj.win32\debug.win32\dropobject.obj
d:\cocosproj\music-game\proj.win32\debug.win32\gamefinishlayer.obj
d:\cocosproj\music-game\proj.win32\debug.win32\gamestoplayer.obj
d:\cocosproj\music-game\proj.win32\debug.win32\guide.obj
d:\cocosproj\music-game\proj.win32\debug.win32\home.obj
d:\cocosproj\music-game\proj.win32\debug.win32\splash.obj
d:\cocosproj\music-game\proj.win32\debug.win32\main.obj
d:\cocosproj\music-game\proj.win32\debug.win32\jsonmovehandler.obj
d:\cocosproj\music-game\proj.win32\debug.win32\gamescene.obj
d:\cocosproj\music-game\proj.win32\debug.win32\vc120.pdb
d:\cocosproj\music-game\proj.win32\debug.win32\vc120.idb
d:\cocosproj\music-game\proj.win32\debug.win32\music-game.lib
d:\cocosproj\music-game\proj.win32\debug.win32\music-game.exp
d:\cocosproj\music-game\proj.win32\debug.win32\game.res
d:\cocosproj\music-game\proj.win32\debug.win32\music-game.pdb
d:\cocosproj\music-game\proj.win32\debug.win32\music-game.tlog\cl.command.1.tlog
d:\cocosproj\music-game\proj.win32\debug.win32\music-game.tlog\cl.read.1.tlog
d:\cocosproj\music-game\proj.win32\debug.win32\music-game.tlog\cl.write.1.tlog
d:\cocosproj\music-game\proj.win32\debug.win32\music-game.tlog\link.command.1.tlog
d:\cocosproj\music-game\proj.win32\debug.win32\music-game.tlog\link.read.1.tlog
d:\cocosproj\music-game\proj.win32\debug.win32\music-game.tlog\link.write.1.tlog
d:\cocosproj\music-game\proj.win32\debug.win32\music-game.tlog\music-game.write.1u.tlog
d:\cocosproj\music-game\proj.win32\debug.win32\music-game.tlog\rc.command.1.tlog
d:\cocosproj\music-game\proj.win32\debug.win32\music-game.tlog\rc.read.1.tlog
d:\cocosproj\music-game\proj.win32\debug.win32\music-game.tlog\rc.write.1.tlog
